<?xml version="1.0" encoding="UTF-8"?>
<!-- Generated by org.testng.reporters.JUnitReportReporter -->
<testsuite hostname="LAPTOP-28KS5UKO" failures="0" tests="8" name="com.demo.test.loginTest" time="60.650" errors="0" timestamp="2022-02-15T12:18:07 IST" skipped="0">
  <testcase classname="com.demo.test.loginTest" name="login" time="8.839"/>
  <system-out/>
  <testcase classname="com.demo.test.loginTest" name="login" time="7.841"/>
  <system-out/>
  <testcase classname="com.demo.test.loginTest" name="login" time="6.198"/>
  <system-out/>
  <testcase classname="com.demo.test.loginTest" name="login" time="6.649"/>
  <system-out/>
  <testcase classname="com.demo.test.loginTest" name="login" time="6.727"/>
  <system-out/>
  <testcase classname="com.demo.test.loginTest" name="browserTest" time="10.438"/>
  <system-out/>
  <testcase classname="com.demo.test.loginTest" name="login" time="6.824"/>
  <system-out/>
  <testcase classname="com.demo.test.loginTest" name="login" time="7.134"/>
  <system-out/>
</testsuite> <!-- com.demo.test.loginTest -->
